<?xml version="1.0" encoding="UTF-8"?>
<!-- Generated by org.testng.reporters.JUnitReportReporter -->
<testsuite skipped="0" hostname="LAPTOP-TOJHDQBN" name="com.automation.test.LoginTest" tests="1" failures="0" timestamp="19 Feb 2022 02:35:53 GMT" time="2.947" errors="0">
  <testcase name="verifyUserCanLogin" time="2.947" classname="com.automation.test.LoginTest"/>
</testsuite> <!-- com.automation.test.LoginTest -->
